<?xml version="1.0" encoding="UTF-8"?>
<!-- Generated by org.testng.reporters.JUnitXMLReporter -->
<testsuite hostname="sujaya" ignored="0" name="Default test" tests="4" failures="0" timestamp="09 Nov 2020 06:48:50 GMT" time="423.99" errors="0">
  <testcase name="Test_placeOrder_PositiveFlow_For_OnlinePayment" time="249.852" classname="com.nhance.web.whatsApp.automation.userTestClasses.Buy_FeatureTest"/>
  <testcase name="Test_orderStatus_Flow_After_Doing_OnlinePayment" time="27.772" classname="com.nhance.web.whatsApp.automation.userTestClasses.Buy_FeatureTest"/>
  <testcase name="Test_CashOnDelivery_Flow" time="96.302" classname="com.nhance.web.whatsApp.automation.userTestClasses.Buy_FeatureTest"/>
  <testcase name="Test_orderStatusFlow_After_COD" time="24.769" classname="com.nhance.web.whatsApp.automation.userTestClasses.Buy_FeatureTest"/>
</testsuite> <!-- Default test -->
